andorid/app/build/intermediates/manifest_merge_blame_file/debug/processDebugMainManifest/manifest-merger-blame-debug-report.txt
1<?xml version="1.0" encoding="utf-8"?>
2<manifest xmlns:android="http://schemas.android.com/apk/res/android"
3    package="hr.team16.booksy"
4    android:versionCode="1"
5    android:versionName="1.0" >
6
7    <uses-sdk
8        android:minSdkVersion="26"
9        android:targetSdkVersion="36" />
10
11    <uses-permission android:name="android.permission.ACCESS_NETWORK_STATE" />
11-->src\main\AndroidManifest.xml:5:5-79
11-->src\main\AndroidManifest.xml:5:22-76
12    <uses-permission android:name="android.permission.INTERNET" />
12-->src\main\AndroidManifest.xml:6:5-67
12-->src\main\AndroidManifest.xml:6:22-64
13    <uses-permission android:name="android.permission.WAKE_LOCK" />
13-->[androidx.work:work-runtime:2.11.1] AndroidManifest.xml:23:5-68
13-->[androidx.work:work-runtime:2.11.1] AndroidManifest.xml:23:22-65
14    <uses-permission android:name="android.permission.RECEIVE_BOOT_COMPLETED" />
14-->[androidx.work:work-runtime:2.11.1] AndroidManifest.xml:25:5-81
14-->[androidx.work:work-runtime:2.11.1] AndroidManifest.xml:25:22-78
15    <uses-permission android:name="android.permission.FOREGROUND_SERVICE" />
15-->[androidx.work:work-runtime:2.11.1] AndroidManifest.xml:26:5-77
15-->[androidx.work:work-runtime:2.11.1] AndroidManifest.xml:26:22-74
16
17    <permission
17-->[androidx.core:core:1.17.0] AndroidManifest.xml:22:5-24:47
18        android:name="hr.team16.booksy.DYNAMIC_RECEIVER_NOT_EXPORTED_PERMISSION"
18-->[androidx.core:core:1.17.0] AndroidManifest.xml:23:9-81
19        android:protectionLevel="signature" />
19-->[androidx.core:core:1.17.0] AndroidManifest.xml:24:9-44
20
21    <uses-permission android:name="hr.team16.booksy.DYNAMIC_RECEIVER_NOT_EXPORTED_PERMISSION" />
21-->[androidx.core:core:1.17.0] AndroidManifest.xml:26:5-97
21-->[androidx.core:core:1.17.0] AndroidManifest.xml:26:22-94
22
23    <application
23-->src\main\AndroidManifest.xml:8:5-33:19
24        android:allowBackup="true"
24-->src\main\AndroidManifest.xml:10:9-35
25        android:appComponentFactory="androidx.core.app.CoreComponentFactory"
25-->[androidx.core:core:1.17.0] AndroidManifest.xml:28:18-86
26        android:dataExtractionRules="@xml/data_extraction_rules"
26-->src\main\AndroidManifest.xml:11:9-65
27        android:debuggable="true"
28        android:extractNativeLibs="false"
29        android:fullBackupContent="@xml/backup_rules"
29-->src\main\AndroidManifest.xml:12:9-54
30        android:icon="@mipmap/ic_launcher"
30-->src\main\AndroidManifest.xml:13:9-43
31        android:label="@string/app_name"
31-->src\main\AndroidManifest.xml:14:9-41
32        android:roundIcon="@mipmap/ic_launcher_round"
32-->src\main\AndroidManifest.xml:15:9-54
33        android:supportsRtl="true"
33-->src\main\AndroidManifest.xml:16:9-35
34        android:testOnly="true"
35        android:theme="@style/Theme.Booksy"
35-->src\main\AndroidManifest.xml:17:9-44
36        android:usesCleartextTraffic="true" >
36-->src\main\AndroidManifest.xml:9:9-44
37        <activity
37-->src\main\AndroidManifest.xml:18:9-20:39
38            android:name="hr.team16.booksy.ui.dashboard.DashboardActivity"
38-->src\main\AndroidManifest.xml:19:13-59
39            android:exported="false" />
39-->src\main\AndroidManifest.xml:20:13-37
40        <activity
40-->src\main\AndroidManifest.xml:21:9-23:39
41            android:name="hr.team16.booksy.ui.register.RegisterActivity"
41-->src\main\AndroidManifest.xml:22:13-57
42            android:exported="false" />
42-->src\main\AndroidManifest.xml:23:13-37
43        <activity
43-->src\main\AndroidManifest.xml:24:9-32:20
44            android:name="hr.team16.booksy.ui.login.LoginActivity"
44-->src\main\AndroidManifest.xml:25:13-51
45            android:exported="true" >
45-->src\main\AndroidManifest.xml:26:13-36
46            <intent-filter>
46-->src\main\AndroidManifest.xml:27:13-31:29
47                <action android:name="android.intent.action.MAIN" />
47-->src\main\AndroidManifest.xml:28:17-69
47-->src\main\AndroidManifest.xml:28:25-66
48
49                <category android:name="android.intent.category.LAUNCHER" />
49-->src\main\AndroidManifest.xml:30:17-77
49-->src\main\AndroidManifest.xml:30:27-74
50            </intent-filter>
51        </activity>
52
53        <provider
53-->[androidx.emoji2:emoji2:1.3.0] AndroidManifest.xml:24:9-32:20
54            android:name="androidx.startup.InitializationProvider"
54-->[androidx.emoji2:emoji2:1.3.0] AndroidManifest.xml:25:13-67
55            android:authorities="hr.team16.booksy.androidx-startup"
55-->[androidx.emoji2:emoji2:1.3.0] AndroidManifest.xml:26:13-68
56            android:exported="false" >
56-->[androidx.emoji2:emoji2:1.3.0] AndroidManifest.xml:27:13-37
57            <meta-data
57-->[androidx.emoji2:emoji2:1.3.0] AndroidManifest.xml:29:13-31:52
58                android:name="androidx.emoji2.text.EmojiCompatInitializer"
58-->[androidx.emoji2:emoji2:1.3.0] AndroidManifest.xml:30:17-75
59                android:value="androidx.startup" />
59-->[androidx.emoji2:emoji2:1.3.0] AndroidManifest.xml:31:17-49
60            <meta-data
60-->[androidx.work:work-runtime:2.11.1] AndroidManifest.xml:34:13-36:52
61                android:name="androidx.work.WorkManagerInitializer"
61-->[androidx.work:work-runtime:2.11.1] AndroidManifest.xml:35:17-68
62                android:value="androidx.startup" />
62-->[androidx.work:work-runtime:2.11.1] AndroidManifest.xml:36:17-49
63            <meta-data
63-->[androidx.lifecycle:lifecycle-process:2.9.0] AndroidManifest.xml:29:13-31:52
64                android:name="androidx.lifecycle.ProcessLifecycleInitializer"
64-->[androidx.lifecycle:lifecycle-process:2.9.0] AndroidManifest.xml:30:17-78
65                android:value="androidx.startup" />
65-->[androidx.lifecycle:lifecycle-process:2.9.0] AndroidManifest.xml:31:17-49
66            <meta-data
66-->[androidx.profileinstaller:profileinstaller:1.4.0] AndroidManifest.xml:29:13-31:52
67                android:name="androidx.profileinstaller.ProfileInstallerInitializer"
67-->[androidx.profileinstaller:profileinstaller:1.4.0] AndroidManifest.xml:30:17-85
68                android:value="androidx.startup" />
68-->[androidx.profileinstaller:profileinstaller:1.4.0] AndroidManifest.xml:31:17-49
69        </provider>
70
71        <service
71-->[androidx.work:work-runtime:2.11.1] AndroidManifest.xml:39:9-45:35
72            android:name="androidx.work.impl.background.systemjob.SystemJobService"
72-->[androidx.work:work-runtime:2.11.1] AndroidManifest.xml:40:13-84
73            android:directBootAware="false"
73-->[androidx.work:work-runtime:2.11.1] AndroidManifest.xml:41:13-44
74            android:enabled="@bool/enable_system_job_service_default"
74-->[androidx.work:work-runtime:2.11.1] AndroidManifest.xml:42:13-70
75            android:exported="true"
75-->[androidx.work:work-runtime:2.11.1] AndroidManifest.xml:43:13-36
76            android:permission="android.permission.BIND_JOB_SERVICE" />
76-->[androidx.work:work-runtime:2.11.1] AndroidManifest.xml:44:13-69
77        <service
77-->[androidx.work:work-runtime:2.11.1] AndroidManifest.xml:46:9-52:35
78            android:name="androidx.work.impl.foreground.SystemForegroundService"
78-->[androidx.work:work-runtime:2.11.1] AndroidManifest.xml:47:13-81
79            android:directBootAware="false"
79-->[androidx.work:work-runtime:2.11.1] AndroidManifest.xml:48:13-44
80            android:enabled="@bool/enable_system_foreground_service_default"
80-->[androidx.work:work-runtime:2.11.1] AndroidManifest.xml:49:13-77
81            android:exported="false" />
81-->[androidx.work:work-runtime:2.11.1] AndroidManifest.xml:50:13-37
82
83        <receiver
83-->[androidx.work:work-runtime:2.11.1] AndroidManifest.xml:54:9-59:35
84            android:name="androidx.work.impl.utils.ForceStopRunnable$BroadcastReceiver"
84-->[androidx.work:work-runtime:2.11.1] AndroidManifest.xml:55:13-88
85            android:directBootAware="false"
85-->[androidx.work:work-runtime:2.11.1] AndroidManifest.xml:56:13-44
86            android:enabled="true"
86-->[androidx.work:work-runtime:2.11.1] AndroidManifest.xml:57:13-35
87            android:exported="false" />
87-->[androidx.work:work-runtime:2.11.1] AndroidManifest.xml:58:13-37
88        <receiver
88-->[androidx.work:work-runtime:2.11.1] AndroidManifest.xml:60:9-69:20
89            android:name="androidx.work.impl.background.systemalarm.RescheduleReceiver"
89-->[androidx.work:work-runtime:2.11.1] AndroidManifest.xml:61:13-88
90            android:directBootAware="false"
90-->[androidx.work:work-runtime:2.11.1] AndroidManifest.xml:62:13-44
91            android:enabled="false"
91-->[androidx.work:work-runtime:2.11.1] AndroidManifest.xml:63:13-36
92            android:exported="false" >
92-->[androidx.work:work-runtime:2.11.1] AndroidManifest.xml:64:13-37
93            <intent-filter>
93-->[androidx.work:work-runtime:2.11.1] AndroidManifest.xml:66:13-68:29
94                <action android:name="android.intent.action.BOOT_COMPLETED" />
94-->[androidx.work:work-runtime:2.11.1] AndroidManifest.xml:67:17-79
94-->[androidx.work:work-runtime:2.11.1] AndroidManifest.xml:67:25-76
95            </intent-filter>
96        </receiver>
97        <receiver
97-->[androidx.work:work-runtime:2.11.1] AndroidManifest.xml:70:9-80:20
98            android:name="androidx.work.impl.diagnostics.DiagnosticsReceiver"
98-->[androidx.work:work-runtime:2.11.1] AndroidManifest.xml:71:13-78
99            android:directBootAware="false"
99-->[androidx.work:work-runtime:2.11.1] AndroidManifest.xml:72:13-44
100            android:enabled="true"
100-->[androidx.work:work-runtime:2.11.1] AndroidManifest.xml:73:13-35
101            android:exported="true"
101-->[androidx.work:work-runtime:2.11.1] AndroidManifest.xml:74:13-36
102            android:permission="android.permission.DUMP" >
102-->[androidx.work:work-runtime:2.11.1] AndroidManifest.xml:75:13-57
103            <intent-filter>
103-->[androidx.work:work-runtime:2.11.1] AndroidManifest.xml:77:13-79:29
104                <action android:name="androidx.work.diagnostics.REQUEST_DIAGNOSTICS" />
104-->[androidx.work:work-runtime:2.11.1] AndroidManifest.xml:78:17-88
104-->[androidx.work:work-runtime:2.11.1] AndroidManifest.xml:78:25-85
105            </intent-filter>
106        </receiver>
107
108        <uses-library
108-->[androidx.window:window:1.0.0] AndroidManifest.xml:25:9-27:40
109            android:name="androidx.window.extensions"
109-->[androidx.window:window:1.0.0] AndroidManifest.xml:26:13-54
110            android:required="false" />
110-->[androidx.window:window:1.0.0] AndroidManifest.xml:27:13-37
111        <uses-library
111-->[androidx.window:window:1.0.0] AndroidManifest.xml:28:9-30:40
112            android:name="androidx.window.sidecar"
112-->[androidx.window:window:1.0.0] AndroidManifest.xml:29:13-51
113            android:required="false" />
113-->[androidx.window:window:1.0.0] AndroidManifest.xml:30:13-37
114
115        <service
115-->[androidx.room:room-runtime-android:2.7.0] AndroidManifest.xml:24:9-28:63
116            android:name="androidx.room.MultiInstanceInvalidationService"
116-->[androidx.room:room-runtime-android:2.7.0] AndroidManifest.xml:25:13-74
117            android:directBootAware="true"
117-->[androidx.room:room-runtime-android:2.7.0] AndroidManifest.xml:26:13-43
118            android:exported="false" />
118-->[androidx.room:room-runtime-android:2.7.0] AndroidManifest.xml:27:13-37
119
120        <receiver
120-->[androidx.profileinstaller:profileinstaller:1.4.0] AndroidManifest.xml:34:9-52:20
121            android:name="androidx.profileinstaller.ProfileInstallReceiver"
121-->[androidx.profileinstaller:profileinstaller:1.4.0] AndroidManifest.xml:35:13-76
122            android:directBootAware="false"
122-->[androidx.profileinstaller:profileinstaller:1.4.0] AndroidManifest.xml:36:13-44
123            android:enabled="true"
123-->[androidx.profileinstaller:profileinstaller:1.4.0] AndroidManifest.xml:37:13-35
124            android:exported="true"
124-->[androidx.profileinstaller:profileinstaller:1.4.0] AndroidManifest.xml:38:13-36
125            android:permission="android.permission.DUMP" >
125-->[androidx.profileinstaller:profileinstaller:1.4.0] AndroidManifest.xml:39:13-57
126            <intent-filter>
126-->[androidx.profileinstaller:profileinstaller:1.4.0] AndroidManifest.xml:40:13-42:29
127                <action android:name="androidx.profileinstaller.action.INSTALL_PROFILE" />
127-->[androidx.profileinstaller:profileinstaller:1.4.0] AndroidManifest.xml:41:17-91
127-->[androidx.profileinstaller:profileinstaller:1.4.0] AndroidManifest.xml:41:25-88
128            </intent-filter>
129            <intent-filter>
129-->[androidx.profileinstaller:profileinstaller:1.4.0] AndroidManifest.xml:43:13-45:29
130                <action android:name="androidx.profileinstaller.action.SKIP_FILE" />
130-->[androidx.profileinstaller:profileinstaller:1.4.0] AndroidManifest.xml:44:17-85
130-->[androidx.profileinstaller:profileinstaller:1.4.0] AndroidManifest.xml:44:25-82
131            </intent-filter>
132            <intent-filter>
132-->[androidx.profileinstaller:profileinstaller:1.4.0] AndroidManifest.xml:46:13-48:29
133                <action android:name="androidx.profileinstaller.action.SAVE_PROFILE" />
133-->[androidx.profileinstaller:profileinstaller:1.4.0] AndroidManifest.xml:47:17-88
133-->[androidx.profileinstaller:profileinstaller:1.4.0] AndroidManifest.xml:47:25-85
134            </intent-filter>
135            <intent-filter>
135-->[androidx.profileinstaller:profileinstaller:1.4.0] AndroidManifest.xml:49:13-51:29
136                <action android:name="androidx.profileinstaller.action.BENCHMARK_OPERATION" />
136-->[androidx.profileinstaller:profileinstaller:1.4.0] AndroidManifest.xml:50:17-95
136-->[androidx.profileinstaller:profileinstaller:1.4.0] AndroidManifest.xml:50:25-92
137            </intent-filter>
138        </receiver>
139
140        <provider
140-->[com.squareup.picasso:picasso:2.71828] AndroidManifest.xml:8:9-11:40
141            android:name="com.squareup.picasso.PicassoProvider"
141-->[com.squareup.picasso:picasso:2.71828] AndroidManifest.xml:9:13-64
142            android:authorities="hr.team16.booksy.com.squareup.picasso"
142-->[com.squareup.picasso:picasso:2.71828] AndroidManifest.xml:10:13-72
143            android:exported="false" />
143-->[com.squareup.picasso:picasso:2.71828] AndroidManifest.xml:11:13-37
144    </application>
145
146</manifest>